<?xml version="1.0" encoding="UTF-8"?>
<!-- Generated by org.testng.reporters.JUnitReportReporter -->
<testsuite hostname="nhan-hp" failures="0" tests="1" name="example.NewTest" time="68.811" errors="0" timestamp="2021-06-27T04:25:33 ICT" skipped="0">
  <testcase classname="example.NewTest" name="testEasy" time="68.811"/>
  <system-out/>
</testsuite> <!-- example.NewTest -->
